<?xml version="1.0" encoding="UTF-8"?>
<testng-results ignored="0" total="1" passed="1" failed="0" skipped="0">
  <reporter-output>
  </reporter-output>
  <suite started-at="2023-12-18T22:55:13 IST" name="Suite" finished-at="2023-12-18T22:55:19 IST" duration-ms="6012">
    <groups>
    </groups>
    <test started-at="2023-12-18T22:55:13 IST" name="Test" finished-at="2023-12-18T22:55:19 IST" duration-ms="6012">
      <class name="com.qa.test1.LunchingNaukri">
        <test-method is-config="true" signature="setup()[pri:0, instance:com.qa.test1.LunchingNaukri@2c767a52]" started-at="2023-12-18T22:55:13 IST" name="setup" finished-at="2023-12-18T22:55:17 IST" duration-ms="3112" status="PASS">
          <reporter-output>
          </reporter-output>
        </test-method> <!-- setup -->
        <test-method signature="lunch_browser()[pri:0, instance:com.qa.test1.LunchingNaukri@2c767a52]" started-at="2023-12-18T22:55:17 IST" name="lunch_browser" finished-at="2023-12-18T22:55:19 IST" duration-ms="2473" status="PASS">
          <reporter-output>
          </reporter-output>
        </test-method> <!-- lunch_browser -->
        <test-method is-config="true" signature="tearDown()[pri:0, instance:com.qa.test1.LunchingNaukri@2c767a52]" started-at="2023-12-18T22:55:19 IST" name="tearDown" finished-at="2023-12-18T22:55:19 IST" duration-ms="359" status="PASS">
          <reporter-output>
          </reporter-output>
        </test-method> <!-- tearDown -->
      </class> <!-- com.qa.test1.LunchingNaukri -->
    </test> <!-- Test -->
  </suite> <!-- Suite -->
</testng-results>
